<?xml version="1.0" encoding="UTF-8"?>
<!-- Generated by org.testng.reporters.JUnitReportReporter -->
<testsuite hostname="PROYQALAB09" failures="0" tests="15" name="gfa.PortalSTEP.TestPortal3Guias" time="0.162" errors="3" timestamp="11 jul 2019 18:19:44 GMT" skipped="12">
  <testcase classname="gfa.PortalSTEP.TestPortal3Guias" name="test2ConexionFirefox" time="0.000">
    <skipped/>
  </testcase> <!-- test2ConexionFirefox -->
  <testcase classname="gfa.PortalSTEP.TestPortal3Guias" name="test3ConexionChrome" time="0.000">
    <skipped/>
  </testcase> <!-- test3ConexionChrome -->
  <testcase classname="gfa.PortalSTEP.TestPortal3Guias" name="test1ConexionEdge" time="0.000">
    <skipped/>
  </testcase> <!-- test1ConexionEdge -->
  <testcase classname="gfa.PortalSTEP.TestPortal3Guias" name="test4ConexionSafarie" time="0.000">
    <skipped/>
  </testcase> <!-- test4ConexionSafarie -->
  <testcase classname="gfa.PortalSTEP.TestPortal3Guias" name="test1ConexionEdge" time="0.000">
    <skipped/>
  </testcase> <!-- test1ConexionEdge -->
  <testcase classname="gfa.PortalSTEP.TestPortal3Guias" name="test4ConexionSafarie" time="0.000">
    <skipped/>
  </testcase> <!-- test4ConexionSafarie -->
  <testcase classname="gfa.PortalSTEP.TestPortal3Guias" name="test2ConexionFirefox" time="0.000">
    <skipped/>
  </testcase> <!-- test2ConexionFirefox -->
  <testcase classname="gfa.PortalSTEP.TestPortal3Guias" name="iniciarConexion" time="0.053">
    <error message="key can&#039;t be null" type="java.lang.NullPointerException">
      <![CDATA[java.lang.NullPointerException: key can't be null
at java.base/java.lang.System.checkKey(System.java:937)
at java.base/java.lang.System.setProperty(System.java:885)
at bootpackage.claseConexion.ConexionChrome(claseConexion.java:48)
at gfa.PortalSTEP.TestPortal3Guias.iniciarConexion(TestPortal3Guias.java:29)
at java.base/jdk.internal.reflect.NativeMethodAccessorImpl.invoke0(Native Method)
at java.base/jdk.internal.reflect.NativeMethodAccessorImpl.invoke(NativeMethodAccessorImpl.java:62)
at java.base/jdk.internal.reflect.DelegatingMethodAccessorImpl.invoke(DelegatingMethodAccessorImpl.java:43)
at java.base/java.lang.reflect.Method.invoke(Method.java:566)
at org.testng.internal.MethodInvocationHelper.invokeMethod(MethodInvocationHelper.java:124)
at org.testng.internal.MethodInvocationHelper.invokeMethodConsideringTimeout(MethodInvocationHelper.java:59)
at org.testng.internal.Invoker.invokeConfigurationMethod(Invoker.java:458)
at org.testng.internal.Invoker.invokeConfigurations(Invoker.java:222)
at org.testng.internal.Invoker.invokeConfigurations(Invoker.java:142)
at org.testng.TestRunner.beforeRun(TestRunner.java:529)
at org.testng.TestRunner.run(TestRunner.java:497)
at org.testng.SuiteRunner.runTest(SuiteRunner.java:455)
at org.testng.SuiteRunner.access$000(SuiteRunner.java:40)
at org.testng.SuiteRunner$SuiteWorker.run(SuiteRunner.java:489)
at org.testng.internal.thread.ThreadUtil$1.call(ThreadUtil.java:52)
at java.base/java.util.concurrent.FutureTask.run(FutureTask.java:264)
at java.base/java.util.concurrent.ThreadPoolExecutor.runWorker(ThreadPoolExecutor.java:1128)
at java.base/java.util.concurrent.ThreadPoolExecutor$Worker.run(ThreadPoolExecutor.java:628)
at java.base/java.lang.Thread.run(Thread.java:834)
]]>
    </error>
  </testcase> <!-- iniciarConexion -->
  <testcase classname="gfa.PortalSTEP.TestPortal3Guias" name="test1ConexionEdge" time="0.000">
    <skipped/>
  </testcase> <!-- test1ConexionEdge -->
  <testcase classname="gfa.PortalSTEP.TestPortal3Guias" name="test4ConexionSafarie" time="0.000">
    <skipped/>
  </testcase> <!-- test4ConexionSafarie -->
  <testcase classname="gfa.PortalSTEP.TestPortal3Guias" name="iniciarConexion" time="0.055">
    <error message="key can&#039;t be null" type="java.lang.NullPointerException">
      <![CDATA[java.lang.NullPointerException: key can't be null
at java.base/java.lang.System.checkKey(System.java:937)
at java.base/java.lang.System.setProperty(System.java:885)
at bootpackage.claseConexion.ConexionEdge(claseConexion.java:78)
at gfa.PortalSTEP.TestPortal3Guias.iniciarConexion(TestPortal3Guias.java:25)
at java.base/jdk.internal.reflect.NativeMethodAccessorImpl.invoke0(Native Method)
at java.base/jdk.internal.reflect.NativeMethodAccessorImpl.invoke(NativeMethodAccessorImpl.java:62)
at java.base/jdk.internal.reflect.DelegatingMethodAccessorImpl.invoke(DelegatingMethodAccessorImpl.java:43)
at java.base/java.lang.reflect.Method.invoke(Method.java:566)
at org.testng.internal.MethodInvocationHelper.invokeMethod(MethodInvocationHelper.java:124)
at org.testng.internal.MethodInvocationHelper.invokeMethodConsideringTimeout(MethodInvocationHelper.java:59)
at org.testng.internal.Invoker.invokeConfigurationMethod(Invoker.java:458)
at org.testng.internal.Invoker.invokeConfigurations(Invoker.java:222)
at org.testng.internal.Invoker.invokeConfigurations(Invoker.java:142)
at org.testng.TestRunner.beforeRun(TestRunner.java:529)
at org.testng.TestRunner.run(TestRunner.java:497)
at org.testng.SuiteRunner.runTest(SuiteRunner.java:455)
at org.testng.SuiteRunner.access$000(SuiteRunner.java:40)
at org.testng.SuiteRunner$SuiteWorker.run(SuiteRunner.java:489)
at org.testng.internal.thread.ThreadUtil$1.call(ThreadUtil.java:52)
at java.base/java.util.concurrent.FutureTask.run(FutureTask.java:264)
at java.base/java.util.concurrent.ThreadPoolExecutor.runWorker(ThreadPoolExecutor.java:1128)
at java.base/java.util.concurrent.ThreadPoolExecutor$Worker.run(ThreadPoolExecutor.java:628)
at java.base/java.lang.Thread.run(Thread.java:834)
]]>
    </error>
  </testcase> <!-- iniciarConexion -->
  <testcase classname="gfa.PortalSTEP.TestPortal3Guias" name="test3ConexionChrome" time="0.000">
    <skipped/>
  </testcase> <!-- test3ConexionChrome -->
  <testcase classname="gfa.PortalSTEP.TestPortal3Guias" name="test3ConexionChrome" time="0.000">
    <skipped/>
  </testcase> <!-- test3ConexionChrome -->
  <testcase classname="gfa.PortalSTEP.TestPortal3Guias" name="iniciarConexion" time="0.054">
    <error message="key can&#039;t be null" type="java.lang.NullPointerException">
      <![CDATA[java.lang.NullPointerException: key can't be null
at java.base/java.lang.System.checkKey(System.java:937)
at java.base/java.lang.System.setProperty(System.java:885)
at bootpackage.claseConexion.ConexionFirefox(claseConexion.java:63)
at gfa.PortalSTEP.TestPortal3Guias.iniciarConexion(TestPortal3Guias.java:21)
at java.base/jdk.internal.reflect.NativeMethodAccessorImpl.invoke0(Native Method)
at java.base/jdk.internal.reflect.NativeMethodAccessorImpl.invoke(NativeMethodAccessorImpl.java:62)
at java.base/jdk.internal.reflect.DelegatingMethodAccessorImpl.invoke(DelegatingMethodAccessorImpl.java:43)
at java.base/java.lang.reflect.Method.invoke(Method.java:566)
at org.testng.internal.MethodInvocationHelper.invokeMethod(MethodInvocationHelper.java:124)
at org.testng.internal.MethodInvocationHelper.invokeMethodConsideringTimeout(MethodInvocationHelper.java:59)
at org.testng.internal.Invoker.invokeConfigurationMethod(Invoker.java:458)
at org.testng.internal.Invoker.invokeConfigurations(Invoker.java:222)
at org.testng.internal.Invoker.invokeConfigurations(Invoker.java:142)
at org.testng.TestRunner.beforeRun(TestRunner.java:529)
at org.testng.TestRunner.run(TestRunner.java:497)
at org.testng.SuiteRunner.runTest(SuiteRunner.java:455)
at org.testng.SuiteRunner.access$000(SuiteRunner.java:40)
at org.testng.SuiteRunner$SuiteWorker.run(SuiteRunner.java:489)
at org.testng.internal.thread.ThreadUtil$1.call(ThreadUtil.java:52)
at java.base/java.util.concurrent.FutureTask.run(FutureTask.java:264)
at java.base/java.util.concurrent.ThreadPoolExecutor.runWorker(ThreadPoolExecutor.java:1128)
at java.base/java.util.concurrent.ThreadPoolExecutor$Worker.run(ThreadPoolExecutor.java:628)
at java.base/java.lang.Thread.run(Thread.java:834)
]]>
    </error>
  </testcase> <!-- iniciarConexion -->
  <testcase classname="gfa.PortalSTEP.TestPortal3Guias" name="test2ConexionFirefox" time="0.000">
    <skipped/>
  </testcase> <!-- test2ConexionFirefox -->
</testsuite> <!-- gfa.PortalSTEP.TestPortal3Guias -->
