<?xml version="1.0" encoding="UTF-8"?>
<!-- Generated by org.testng.reporters.JUnitReportReporter -->
<testsuite hostname="PROYQALAB09" failures="0" tests="3" name="portalSTEP.TestPortal3Guias" time="0.070" errors="0" timestamp="11 jul 2019 20:16:30 GMT" skipped="0">
  <testcase classname="portalSTEP.TestPortal3Guias" name="saludo" time="0.000"/>
  <testcase classname="portalSTEP.TestPortal3Guias" name="saludo" time="0.067"/>
  <testcase classname="portalSTEP.TestPortal3Guias" name="saludo" time="0.003"/>
</testsuite> <!-- portalSTEP.TestPortal3Guias -->
